[11:34:56.118] Global cache location '/home/huston/.cache/typescript/4.3', safe file path '/home/huston/.emacs.d/.cache/lsp/npm/typescript/lib/node_modules/typescript/lib/typingSafeList.json', types map path /home/huston/.emacs.d/.cache/lsp/npm/typescript/lib/node_modules/typescript/lib/typesMap.json
[11:34:56.120] Processing cache location '/home/huston/.cache/typescript/4.3'
[11:34:56.120] Trying to find '/home/huston/.cache/typescript/4.3/package.json'...
[11:34:56.121] Loaded content of '/home/huston/.cache/typescript/4.3/package.json': {"private":true,"dependencies":{"types-registry":"^0.1.550"},"devDependencies":{"@types/object-assign":"^4.0.30","@types/react":"^17.0.14","@types/react-dom":"^17.0.9","@types/scheduler":"^0.16.2"}}
[11:34:56.121] Loaded content of '/home/huston/.cache/typescript/4.3/package-lock.json'
[11:34:56.141] Adding entry into typings cache: 'object-assign' => '/home/huston/.cache/typescript/4.3/node_modules/@types/object-assign/index.d.ts'
[11:34:56.148] Adding entry into typings cache: 'react' => '/home/huston/.cache/typescript/4.3/node_modules/@types/react/index.d.ts'
[11:34:56.154] Adding entry into typings cache: 'react-dom' => '/home/huston/.cache/typescript/4.3/node_modules/@types/react-dom/index.d.ts'
[11:34:56.158] Adding entry into typings cache: 'scheduler' => '/home/huston/.cache/typescript/4.3/node_modules/@types/scheduler/index.d.ts'
[11:34:56.158] Finished processing cache location '/home/huston/.cache/typescript/4.3'
[11:34:56.158] Process id: 5195
[11:34:56.158] NPM location: /usr/bin/npm (explicit '--npmLocation' not  provided)
[11:34:56.158] validateDefaultNpmLocation: false
[11:34:56.158] Npm config file: /home/huston/.cache/typescript/4.3/package.json
[11:34:56.159] Updating types-registry npm package...
[11:34:56.159] Exec: /usr/bin/npm install --ignore-scripts types-registry@latest
[11:35:03.265]     Succeeded. stdout:
    + types-registry@0.1.550
    updated 1 package and audited 8 packages in 5.847s
found 0 vulnerabilities


[11:35:03.265] Updated types-registry npm package
[11:35:03.316] Got install request {"projectName":"/dev/null/inferredProject1*","fileNames":["/home/huston/.emacs.d/.cache/lsp/npm/typescript/lib/node_modules/typescript/lib/lib.es5.d.ts","/home/huston/.emacs.d/.cache/lsp/npm/typescript/lib/node_modules/typescript/lib/lib.es2015.d.ts","/home/huston/.emacs.d/.cache/lsp/npm/typescript/lib/node_modules/typescript/lib/lib.es2016.d.ts","/home/huston/.emacs.d/.cache/lsp/npm/typescript/lib/node_modules/typescript/lib/lib.dom.d.ts","/home/huston/.emacs.d/.cache/lsp/npm/typescript/lib/node_modules/typescript/lib/lib.dom.iterable.d.ts","/home/huston/.emacs.d/.cache/lsp/npm/typescript/lib/node_modules/typescript/lib/lib.webworker.importscripts.d.ts","/home/huston/.emacs.d/.cache/lsp/npm/typescript/lib/node_modules/typescript/lib/lib.scripthost.d.ts","/home/huston/.emacs.d/.cache/lsp/npm/typescript/lib/node_modules/typescript/lib/lib.es2015.core.d.ts","/home/huston/.emacs.d/.cache/lsp/npm/typescript/lib/node_modules/typescript/lib/lib.es2015.collection.d.ts","/home/huston/.emacs.d/.cache/lsp/npm/typescript/lib/node_modules/typescript/lib/lib.es2015.generator.d.ts","/home/huston/.emacs.d/.cache/lsp/npm/typescript/lib/node_modules/typescript/lib/lib.es2015.iterable.d.ts","/home/huston/.emacs.d/.cache/lsp/npm/typescript/lib/node_modules/typescript/lib/lib.es2015.promise.d.ts","/home/huston/.emacs.d/.cache/lsp/npm/typescript/lib/node_modules/typescript/lib/lib.es2015.proxy.d.ts","/home/huston/.emacs.d/.cache/lsp/npm/typescript/lib/node_modules/typescript/lib/lib.es2015.reflect.d.ts","/home/huston/.emacs.d/.cache/lsp/npm/typescript/lib/node_modules/typescript/lib/lib.es2015.symbol.d.ts","/home/huston/.emacs.d/.cache/lsp/npm/typescript/lib/node_modules/typescript/lib/lib.es2015.symbol.wellknown.d.ts","/home/huston/.emacs.d/.cache/lsp/npm/typescript/lib/node_modules/typescript/lib/lib.es2016.array.include.d.ts","/home/huston/.emacs.d/.cache/lsp/npm/typescript/lib/node_modules/typescript/lib/lib.es2016.full.d.ts","/home/huston/programming/geek/django_rest/frontend/src/components/list_authors.js","/home/huston/programming/geek/django_rest/frontend/src/App.js"],"compilerOptions":{"module":1,"target":3,"jsx":1,"allowJs":true,"allowSyntheticDefaultImports":true,"allowNonTsExtensions":true,"noEmitForJsFiles":true,"maxNodeModuleJsDepth":2},"typeAcquisition":{"enable":true,"include":[],"exclude":[]},"unresolvedImports":[],"projectRootPath":"/home/huston/programming/geek/django_rest/frontend/src","kind":"discover"}
[11:35:03.351] Loaded safelist from types map file '/home/huston/.emacs.d/.cache/lsp/npm/typescript/lib/node_modules/typescript/lib/typesMap.json'
[11:35:03.353] Explicitly included types: []
[11:35:03.355] Inferred typings from unresolved imports: []
[11:35:03.355] Result: {"cachedTypingPaths":[],"newTypingNames":[],"filesToWatch":["/home/huston/programming/geek/django_rest/frontend/src/components/bower_components","/home/huston/programming/geek/django_rest/frontend/src/components/node_modules","/home/huston/programming/geek/django_rest/frontend/src/bower_components","/home/huston/programming/geek/django_rest/frontend/src/node_modules"]}
[11:35:03.355] Finished typings discovery: {"cachedTypingPaths":[],"newTypingNames":[],"filesToWatch":["/home/huston/programming/geek/django_rest/frontend/src/components/bower_components","/home/huston/programming/geek/django_rest/frontend/src/components/node_modules","/home/huston/programming/geek/django_rest/frontend/src/bower_components","/home/huston/programming/geek/django_rest/frontend/src/node_modules"]}
[11:35:03.356] DirectoryWatcher:: Added:: WatchInfo: /home/huston/programming/geek/django_rest/frontend/src/components
[11:35:03.356] DirectoryWatcher:: Added:: WatchInfo: /home/huston/programming/geek/django_rest/frontend/src/components 1 undefined Project: /dev/null/inferredProject1* watcher already invoked: false
[11:35:03.360] Elapsed:: 3.252314999990631ms DirectoryWatcher:: Added:: WatchInfo: /home/huston/programming/geek/django_rest/frontend/src/components 1 undefined Project: /dev/null/inferredProject1* watcher already invoked: false
[11:35:03.360] DirectoryWatcher:: Added:: WatchInfo: /home/huston/programming/geek/django_rest/frontend/src/bower_components
[11:35:03.360] DirectoryWatcher:: Added:: WatchInfo: /home/huston/programming/geek/django_rest/frontend/src/bower_components 1 undefined Project: /dev/null/inferredProject1* watcher already invoked: false
[11:35:03.361] Elapsed:: 1.3041180000000168ms DirectoryWatcher:: Added:: WatchInfo: /home/huston/programming/geek/django_rest/frontend/src/bower_components 1 undefined Project: /dev/null/inferredProject1* watcher already invoked: false
[11:35:03.361] DirectoryWatcher:: Added:: WatchInfo: /home/huston/programming/geek/django_rest/frontend/src/node_modules
[11:35:03.362] DirectoryWatcher:: Added:: WatchInfo: /home/huston/programming/geek/django_rest/frontend/src/node_modules 1 undefined Project: /dev/null/inferredProject1* watcher already invoked: false
[11:35:03.362] Elapsed:: 0.2099480000033509ms DirectoryWatcher:: Added:: WatchInfo: /home/huston/programming/geek/django_rest/frontend/src/node_modules 1 undefined Project: /dev/null/inferredProject1* watcher already invoked: false
[11:35:03.362] Sending response:
    {"projectName":"/dev/null/inferredProject1*","typeAcquisition":{"enable":true,"include":[],"exclude":[]},"compilerOptions":{"module":1,"target":3,"jsx":1,"allowJs":true,"allowSyntheticDefaultImports":true,"allowNonTsExtensions":true,"noEmitForJsFiles":true,"maxNodeModuleJsDepth":2},"typings":[],"unresolvedImports":[],"kind":"action::set"}
[11:35:03.363] Response has been sent.
[11:35:03.363] No new typings were requested as a result of typings discovery
[11:35:12.879] sysLog:: onTimerToUpdateChildWatches:: 1
[11:35:12.880] sysLog:: invokingWatchers:: Elapsed:: 0.5129179999930784ms:: 0
[11:35:12.881] DirectoryWatcher:: Triggered with /home/huston/programming/geek/django_rest/frontend/src/components/.tern-port 0:: WatchInfo: /home/huston/programming/geek/django_rest/frontend/src/components 1 undefined Project: /dev/null/inferredProject1* watcher already invoked: false
[11:35:12.881] Elapsed:: 0.15375199998379685ms DirectoryWatcher:: Triggered with /home/huston/programming/geek/django_rest/frontend/src/components/.tern-port 0:: WatchInfo: /home/huston/programming/geek/django_rest/frontend/src/components 1 undefined Project: /dev/null/inferredProject1* watcher already invoked: false
[11:35:12.881] sysLog:: Elapsed:: 1.3532059999997728ms:: onTimerToUpdateChildWatches:: 0 undefined
[11:36:24.979] sysLog:: onTimerToUpdateChildWatches:: 1
[11:36:24.980] sysLog:: invokingWatchers:: Elapsed:: 0.20965100001194514ms:: 0
[11:36:24.980] DirectoryWatcher:: Triggered with /home/huston/programming/geek/django_rest/frontend/src/components/#list_authors.js# 0:: WatchInfo: /home/huston/programming/geek/django_rest/frontend/src/components 1 undefined Project: /dev/null/inferredProject1* watcher already invoked: false
[11:36:24.980] Elapsed:: 0.024144000024534762ms DirectoryWatcher:: Triggered with /home/huston/programming/geek/django_rest/frontend/src/components/#list_authors.js# 0:: WatchInfo: /home/huston/programming/geek/django_rest/frontend/src/components 1 undefined Project: /dev/null/inferredProject1* watcher already invoked: false
[11:36:24.980] sysLog:: Elapsed:: 0.5073110000230372ms:: onTimerToUpdateChildWatches:: 0 undefined
[11:57:21.881] sysLog:: onTimerToUpdateChildWatches:: 1
[11:57:21.881] sysLog:: invokingWatchers:: Elapsed:: 0.17358399997465312ms:: 0
[11:57:21.881] DirectoryWatcher:: Triggered with /home/huston/programming/geek/django_rest/frontend/src/components/list_authors.js 0:: WatchInfo: /home/huston/programming/geek/django_rest/frontend/src/components 1 undefined Project: /dev/null/inferredProject1* watcher already invoked: false
[11:57:21.881] Elapsed:: 0.01912599988281727ms DirectoryWatcher:: Triggered with /home/huston/programming/geek/django_rest/frontend/src/components/list_authors.js 0:: WatchInfo: /home/huston/programming/geek/django_rest/frontend/src/components 1 undefined Project: /dev/null/inferredProject1* watcher already invoked: false
[11:57:21.881] DirectoryWatcher:: Triggered with /home/huston/programming/geek/django_rest/frontend/src/components/list_authors.js~ 1:: WatchInfo: /home/huston/programming/geek/django_rest/frontend/src/components 1 undefined Project: /dev/null/inferredProject1* watcher already invoked: false
[11:57:21.881] Elapsed:: 0.007424000184983015ms DirectoryWatcher:: Triggered with /home/huston/programming/geek/django_rest/frontend/src/components/list_authors.js~ 1:: WatchInfo: /home/huston/programming/geek/django_rest/frontend/src/components 1 undefined Project: /dev/null/inferredProject1* watcher already invoked: false
[11:57:21.881] DirectoryWatcher:: Triggered with /home/huston/programming/geek/django_rest/frontend/src/components/list_authors.js 2:: WatchInfo: /home/huston/programming/geek/django_rest/frontend/src/components 1 undefined Project: /dev/null/inferredProject1* watcher already invoked: false
[11:57:21.881] Elapsed:: 0.007054000161588192ms DirectoryWatcher:: Triggered with /home/huston/programming/geek/django_rest/frontend/src/components/list_authors.js 2:: WatchInfo: /home/huston/programming/geek/django_rest/frontend/src/components 1 undefined Project: /dev/null/inferredProject1* watcher already invoked: false
[11:57:21.881] DirectoryWatcher:: Triggered with /home/huston/programming/geek/django_rest/frontend/src/components/#list_authors.js# 3:: WatchInfo: /home/huston/programming/geek/django_rest/frontend/src/components 1 undefined Project: /dev/null/inferredProject1* watcher already invoked: false
[11:57:21.882] Elapsed:: 0.006661999970674515ms DirectoryWatcher:: Triggered with /home/huston/programming/geek/django_rest/frontend/src/components/#list_authors.js# 3:: WatchInfo: /home/huston/programming/geek/django_rest/frontend/src/components 1 undefined Project: /dev/null/inferredProject1* watcher already invoked: false
[11:57:21.882] sysLog:: Elapsed:: 0.8236579999793321ms:: onTimerToUpdateChildWatches:: 0 undefined
[12:02:44.144] sysLog:: onTimerToUpdateChildWatches:: 1
[12:02:44.144] sysLog:: invokingWatchers:: Elapsed:: 0.20110399997793138ms:: 0
[12:02:44.144] DirectoryWatcher:: Triggered with /home/huston/programming/geek/django_rest/frontend/src/components/.tern-port 0:: WatchInfo: /home/huston/programming/geek/django_rest/frontend/src/components 1 undefined Project: /dev/null/inferredProject1* watcher already invoked: false
[12:02:44.145] Elapsed:: 0.026609000051394105ms DirectoryWatcher:: Triggered with /home/huston/programming/geek/django_rest/frontend/src/components/.tern-port 0:: WatchInfo: /home/huston/programming/geek/django_rest/frontend/src/components 1 undefined Project: /dev/null/inferredProject1* watcher already invoked: false
[12:02:44.145] sysLog:: Elapsed:: 0.5264389999210835ms:: onTimerToUpdateChildWatches:: 0 undefined
[12:05:19.970] sysLog:: onTimerToUpdateChildWatches:: 1
[12:05:19.971] sysLog:: invokingWatchers:: Elapsed:: 0.19908000016584992ms:: 0
[12:05:19.971] DirectoryWatcher:: Triggered with /home/huston/programming/geek/django_rest/frontend/src/components/.tern-port 0:: WatchInfo: /home/huston/programming/geek/django_rest/frontend/src/components 1 undefined Project: /dev/null/inferredProject1* watcher already invoked: false
[12:05:19.971] Elapsed:: 0.018123999936506152ms DirectoryWatcher:: Triggered with /home/huston/programming/geek/django_rest/frontend/src/components/.tern-port 0:: WatchInfo: /home/huston/programming/geek/django_rest/frontend/src/components 1 undefined Project: /dev/null/inferredProject1* watcher already invoked: false
[12:05:19.971] sysLog:: Elapsed:: 0.5022640000097454ms:: onTimerToUpdateChildWatches:: 0 undefined
[12:09:36.273] sysLog:: onTimerToUpdateChildWatches:: 1
[12:09:36.274] sysLog:: invokingWatchers:: Elapsed:: 0.9840379999950528ms:: 0
[12:09:36.274] DirectoryWatcher:: Triggered with /home/huston/programming/geek/django_rest/frontend/src/components :: WatchInfo: /home/huston/programming/geek/django_rest/frontend/src/components 1 undefined Project: /dev/null/inferredProject1* watcher already invoked: false
[12:09:36.274] Elapsed:: 0.0112809999845922ms DirectoryWatcher:: Triggered with /home/huston/programming/geek/django_rest/frontend/src/components :: WatchInfo: /home/huston/programming/geek/django_rest/frontend/src/components 1 undefined Project: /dev/null/inferredProject1* watcher already invoked: false
[12:09:36.274] sysLog:: Elapsed:: 1.2787839998491108ms:: onTimerToUpdateChildWatches:: 0 undefined
[12:09:59.452] sysLog:: onTimerToUpdateChildWatches:: 1
[12:09:59.452] sysLog:: invokingWatchers:: Elapsed:: 0.21229999978095293ms:: 0
[12:09:59.452] DirectoryWatcher:: Triggered with /home/huston/programming/geek/django_rest/frontend/src/components/footer/footer.js 0:: WatchInfo: /home/huston/programming/geek/django_rest/frontend/src/components 1 undefined Project: /dev/null/inferredProject1* watcher already invoked: false
[12:09:59.453] Elapsed:: 0.012924000155180693ms DirectoryWatcher:: Triggered with /home/huston/programming/geek/django_rest/frontend/src/components/footer/footer.js 0:: WatchInfo: /home/huston/programming/geek/django_rest/frontend/src/components 1 undefined Project: /dev/null/inferredProject1* watcher already invoked: false
[12:09:59.453] sysLog:: Elapsed:: 0.47416399978101254ms:: onTimerToUpdateChildWatches:: 0 undefined
[12:10:02.993] Got install request {"projectName":"/dev/null/inferredProject2*","fileNames":["/home/huston/.emacs.d/.cache/lsp/npm/typescript/lib/node_modules/typescript/lib/lib.es5.d.ts","/home/huston/.emacs.d/.cache/lsp/npm/typescript/lib/node_modules/typescript/lib/lib.es2015.d.ts","/home/huston/.emacs.d/.cache/lsp/npm/typescript/lib/node_modules/typescript/lib/lib.es2016.d.ts","/home/huston/.emacs.d/.cache/lsp/npm/typescript/lib/node_modules/typescript/lib/lib.dom.d.ts","/home/huston/.emacs.d/.cache/lsp/npm/typescript/lib/node_modules/typescript/lib/lib.dom.iterable.d.ts","/home/huston/.emacs.d/.cache/lsp/npm/typescript/lib/node_modules/typescript/lib/lib.webworker.importscripts.d.ts","/home/huston/.emacs.d/.cache/lsp/npm/typescript/lib/node_modules/typescript/lib/lib.scripthost.d.ts","/home/huston/.emacs.d/.cache/lsp/npm/typescript/lib/node_modules/typescript/lib/lib.es2015.core.d.ts","/home/huston/.emacs.d/.cache/lsp/npm/typescript/lib/node_modules/typescript/lib/lib.es2015.collection.d.ts","/home/huston/.emacs.d/.cache/lsp/npm/typescript/lib/node_modules/typescript/lib/lib.es2015.generator.d.ts","/home/huston/.emacs.d/.cache/lsp/npm/typescript/lib/node_modules/typescript/lib/lib.es2015.iterable.d.ts","/home/huston/.emacs.d/.cache/lsp/npm/typescript/lib/node_modules/typescript/lib/lib.es2015.promise.d.ts","/home/huston/.emacs.d/.cache/lsp/npm/typescript/lib/node_modules/typescript/lib/lib.es2015.proxy.d.ts","/home/huston/.emacs.d/.cache/lsp/npm/typescript/lib/node_modules/typescript/lib/lib.es2015.reflect.d.ts","/home/huston/.emacs.d/.cache/lsp/npm/typescript/lib/node_modules/typescript/lib/lib.es2015.symbol.d.ts","/home/huston/.emacs.d/.cache/lsp/npm/typescript/lib/node_modules/typescript/lib/lib.es2015.symbol.wellknown.d.ts","/home/huston/.emacs.d/.cache/lsp/npm/typescript/lib/node_modules/typescript/lib/lib.es2016.array.include.d.ts","/home/huston/.emacs.d/.cache/lsp/npm/typescript/lib/node_modules/typescript/lib/lib.es2016.full.d.ts","/home/huston/programming/geek/django_rest/frontend/src/components/footer/footer.js"],"compilerOptions":{"module":1,"target":3,"jsx":1,"allowJs":true,"allowSyntheticDefaultImports":true,"allowNonTsExtensions":true,"noEmitForJsFiles":true,"maxNodeModuleJsDepth":2},"typeAcquisition":{"enable":true,"include":[],"exclude":[]},"unresolvedImports":[],"projectRootPath":"/home/huston/programming/geek/django_rest/frontend/src/components/footer","kind":"discover"}
[12:10:02.994] Explicitly included types: []
[12:10:02.994] Inferred typings from unresolved imports: []
[12:10:02.994] Result: {"cachedTypingPaths":[],"newTypingNames":[],"filesToWatch":["/home/huston/programming/geek/django_rest/frontend/src/components/footer/bower_components","/home/huston/programming/geek/django_rest/frontend/src/components/footer/node_modules"]}
[12:10:02.994] Finished typings discovery: {"cachedTypingPaths":[],"newTypingNames":[],"filesToWatch":["/home/huston/programming/geek/django_rest/frontend/src/components/footer/bower_components","/home/huston/programming/geek/django_rest/frontend/src/components/footer/node_modules"]}
[12:10:02.994] DirectoryWatcher:: Added:: WatchInfo: /home/huston/programming/geek/django_rest/frontend/src/components/footer/bower_components
[12:10:02.995] DirectoryWatcher:: Added:: WatchInfo: /home/huston/programming/geek/django_rest/frontend/src/components/footer/bower_components 1 undefined Project: /dev/null/inferredProject2* watcher already invoked: false
[12:10:02.997] Elapsed:: 0.5038100001402199ms DirectoryWatcher:: Added:: WatchInfo: /home/huston/programming/geek/django_rest/frontend/src/components/footer/bower_components 1 undefined Project: /dev/null/inferredProject2* watcher already invoked: false
[12:10:02.997] DirectoryWatcher:: Added:: WatchInfo: /home/huston/programming/geek/django_rest/frontend/src/components/footer/node_modules
[12:10:02.998] DirectoryWatcher:: Added:: WatchInfo: /home/huston/programming/geek/django_rest/frontend/src/components/footer/node_modules 1 undefined Project: /dev/null/inferredProject2* watcher already invoked: false
[12:10:02.998] Elapsed:: 0.20919400034472346ms DirectoryWatcher:: Added:: WatchInfo: /home/huston/programming/geek/django_rest/frontend/src/components/footer/node_modules 1 undefined Project: /dev/null/inferredProject2* watcher already invoked: false
[12:10:02.998] Sending response:
    {"projectName":"/dev/null/inferredProject2*","typeAcquisition":{"enable":true,"include":[],"exclude":[]},"compilerOptions":{"module":1,"target":3,"jsx":1,"allowJs":true,"allowSyntheticDefaultImports":true,"allowNonTsExtensions":true,"noEmitForJsFiles":true,"maxNodeModuleJsDepth":2},"typings":[],"unresolvedImports":[],"kind":"action::set"}
[12:10:02.998] Response has been sent.
[12:10:02.998] No new typings were requested as a result of typings discovery
[12:10:04.238] sysLog:: onTimerToUpdateChildWatches:: 1
[12:10:04.238] sysLog:: invokingWatchers:: Elapsed:: 0.2206959999166429ms:: 0
[12:10:04.238] DirectoryWatcher:: Triggered with /home/huston/programming/geek/django_rest/frontend/src/components/footer/.tern-port 0:: WatchInfo: /home/huston/programming/geek/django_rest/frontend/src/components 1 undefined Project: /dev/null/inferredProject1* watcher already invoked: false
[12:10:04.238] Elapsed:: 0.015670000109821558ms DirectoryWatcher:: Triggered with /home/huston/programming/geek/django_rest/frontend/src/components/footer/.tern-port 0:: WatchInfo: /home/huston/programming/geek/django_rest/frontend/src/components 1 undefined Project: /dev/null/inferredProject1* watcher already invoked: false
[12:10:04.238] sysLog:: Elapsed:: 0.5855950000695884ms:: onTimerToUpdateChildWatches:: 0 undefined
[12:11:10.978] sysLog:: onTimerToUpdateChildWatches:: 1
[12:11:10.978] sysLog:: invokingWatchers:: Elapsed:: 0.17197399958968163ms:: 0
[12:11:10.978] DirectoryWatcher:: Triggered with /home/huston/programming/geek/django_rest/frontend/src/components/footer/footer.js 0:: WatchInfo: /home/huston/programming/geek/django_rest/frontend/src/components 1 undefined Project: /dev/null/inferredProject1* watcher already invoked: false
[12:11:10.979] Elapsed:: 0.014998000115156174ms DirectoryWatcher:: Triggered with /home/huston/programming/geek/django_rest/frontend/src/components/footer/footer.js 0:: WatchInfo: /home/huston/programming/geek/django_rest/frontend/src/components 1 undefined Project: /dev/null/inferredProject1* watcher already invoked: false
[12:11:10.979] DirectoryWatcher:: Triggered with /home/huston/programming/geek/django_rest/frontend/src/components/footer/footer.js~ 1:: WatchInfo: /home/huston/programming/geek/django_rest/frontend/src/components 1 undefined Project: /dev/null/inferredProject1* watcher already invoked: false
[12:11:10.979] Elapsed:: 0.008166000247001648ms DirectoryWatcher:: Triggered with /home/huston/programming/geek/django_rest/frontend/src/components/footer/footer.js~ 1:: WatchInfo: /home/huston/programming/geek/django_rest/frontend/src/components 1 undefined Project: /dev/null/inferredProject1* watcher already invoked: false
[12:11:10.979] DirectoryWatcher:: Triggered with /home/huston/programming/geek/django_rest/frontend/src/components/footer/footer.js 2:: WatchInfo: /home/huston/programming/geek/django_rest/frontend/src/components 1 undefined Project: /dev/null/inferredProject1* watcher already invoked: false
[12:11:10.979] Elapsed:: 0.007815000135451555ms DirectoryWatcher:: Triggered with /home/huston/programming/geek/django_rest/frontend/src/components/footer/footer.js 2:: WatchInfo: /home/huston/programming/geek/django_rest/frontend/src/components 1 undefined Project: /dev/null/inferredProject1* watcher already invoked: false
[12:11:10.979] sysLog:: Elapsed:: 0.7043159999884665ms:: onTimerToUpdateChildWatches:: 0 undefined
[12:12:22.855] Got install request {"projectName":"/dev/null/inferredProject1*","fileNames":["/home/huston/.emacs.d/.cache/lsp/npm/typescript/lib/node_modules/typescript/lib/lib.es5.d.ts","/home/huston/.emacs.d/.cache/lsp/npm/typescript/lib/node_modules/typescript/lib/lib.es2015.d.ts","/home/huston/.emacs.d/.cache/lsp/npm/typescript/lib/node_modules/typescript/lib/lib.es2016.d.ts","/home/huston/.emacs.d/.cache/lsp/npm/typescript/lib/node_modules/typescript/lib/lib.dom.d.ts","/home/huston/.emacs.d/.cache/lsp/npm/typescript/lib/node_modules/typescript/lib/lib.dom.iterable.d.ts","/home/huston/.emacs.d/.cache/lsp/npm/typescript/lib/node_modules/typescript/lib/lib.webworker.importscripts.d.ts","/home/huston/.emacs.d/.cache/lsp/npm/typescript/lib/node_modules/typescript/lib/lib.scripthost.d.ts","/home/huston/.emacs.d/.cache/lsp/npm/typescript/lib/node_modules/typescript/lib/lib.es2015.core.d.ts","/home/huston/.emacs.d/.cache/lsp/npm/typescript/lib/node_modules/typescript/lib/lib.es2015.collection.d.ts","/home/huston/.emacs.d/.cache/lsp/npm/typescript/lib/node_modules/typescript/lib/lib.es2015.generator.d.ts","/home/huston/.emacs.d/.cache/lsp/npm/typescript/lib/node_modules/typescript/lib/lib.es2015.iterable.d.ts","/home/huston/.emacs.d/.cache/lsp/npm/typescript/lib/node_modules/typescript/lib/lib.es2015.promise.d.ts","/home/huston/.emacs.d/.cache/lsp/npm/typescript/lib/node_modules/typescript/lib/lib.es2015.proxy.d.ts","/home/huston/.emacs.d/.cache/lsp/npm/typescript/lib/node_modules/typescript/lib/lib.es2015.reflect.d.ts","/home/huston/.emacs.d/.cache/lsp/npm/typescript/lib/node_modules/typescript/lib/lib.es2015.symbol.d.ts","/home/huston/.emacs.d/.cache/lsp/npm/typescript/lib/node_modules/typescript/lib/lib.es2015.symbol.wellknown.d.ts","/home/huston/.emacs.d/.cache/lsp/npm/typescript/lib/node_modules/typescript/lib/lib.es2016.array.include.d.ts","/home/huston/.emacs.d/.cache/lsp/npm/typescript/lib/node_modules/typescript/lib/lib.es2016.full.d.ts","/home/huston/programming/geek/django_rest/frontend/src/components/list_authors.js","/home/huston/programming/geek/django_rest/frontend/src/reportWebVitals.js","/home/huston/programming/geek/django_rest/frontend/src/index.js","/home/huston/programming/geek/django_rest/frontend/src/App.js"],"compilerOptions":{"module":1,"target":3,"jsx":1,"allowJs":true,"allowSyntheticDefaultImports":true,"allowNonTsExtensions":true,"noEmitForJsFiles":true,"maxNodeModuleJsDepth":2},"typeAcquisition":{"enable":true,"include":[],"exclude":[]},"unresolvedImports":[],"projectRootPath":"/home/huston/programming/geek/django_rest/frontend/src","kind":"discover"}
[12:12:22.856] Explicitly included types: []
[12:12:22.857] Inferred typings from unresolved imports: []
[12:12:22.857] Result: {"cachedTypingPaths":[],"newTypingNames":[],"filesToWatch":["/home/huston/programming/geek/django_rest/frontend/src/components/bower_components","/home/huston/programming/geek/django_rest/frontend/src/components/node_modules","/home/huston/programming/geek/django_rest/frontend/src/bower_components","/home/huston/programming/geek/django_rest/frontend/src/node_modules"]}
[12:12:22.857] Finished typings discovery: {"cachedTypingPaths":[],"newTypingNames":[],"filesToWatch":["/home/huston/programming/geek/django_rest/frontend/src/components/bower_components","/home/huston/programming/geek/django_rest/frontend/src/components/node_modules","/home/huston/programming/geek/django_rest/frontend/src/bower_components","/home/huston/programming/geek/django_rest/frontend/src/node_modules"]}
[12:12:22.857] Sending response:
    {"projectName":"/dev/null/inferredProject1*","typeAcquisition":{"enable":true,"include":[],"exclude":[]},"compilerOptions":{"module":1,"target":3,"jsx":1,"allowJs":true,"allowSyntheticDefaultImports":true,"allowNonTsExtensions":true,"noEmitForJsFiles":true,"maxNodeModuleJsDepth":2},"typings":[],"unresolvedImports":[],"kind":"action::set"}
[12:12:22.857] Response has been sent.
[12:12:22.857] No new typings were requested as a result of typings discovery
[12:12:24.876] Got install request {"projectName":"/dev/null/inferredProject1*","fileNames":["/home/huston/.emacs.d/.cache/lsp/npm/typescript/lib/node_modules/typescript/lib/lib.es5.d.ts","/home/huston/.emacs.d/.cache/lsp/npm/typescript/lib/node_modules/typescript/lib/lib.es2015.d.ts","/home/huston/.emacs.d/.cache/lsp/npm/typescript/lib/node_modules/typescript/lib/lib.es2016.d.ts","/home/huston/.emacs.d/.cache/lsp/npm/typescript/lib/node_modules/typescript/lib/lib.dom.d.ts","/home/huston/.emacs.d/.cache/lsp/npm/typescript/lib/node_modules/typescript/lib/lib.dom.iterable.d.ts","/home/huston/.emacs.d/.cache/lsp/npm/typescript/lib/node_modules/typescript/lib/lib.webworker.importscripts.d.ts","/home/huston/.emacs.d/.cache/lsp/npm/typescript/lib/node_modules/typescript/lib/lib.scripthost.d.ts","/home/huston/.emacs.d/.cache/lsp/npm/typescript/lib/node_modules/typescript/lib/lib.es2015.core.d.ts","/home/huston/.emacs.d/.cache/lsp/npm/typescript/lib/node_modules/typescript/lib/lib.es2015.collection.d.ts","/home/huston/.emacs.d/.cache/lsp/npm/typescript/lib/node_modules/typescript/lib/lib.es2015.generator.d.ts","/home/huston/.emacs.d/.cache/lsp/npm/typescript/lib/node_modules/typescript/lib/lib.es2015.iterable.d.ts","/home/huston/.emacs.d/.cache/lsp/npm/typescript/lib/node_modules/typescript/lib/lib.es2015.promise.d.ts","/home/huston/.emacs.d/.cache/lsp/npm/typescript/lib/node_modules/typescript/lib/lib.es2015.proxy.d.ts","/home/huston/.emacs.d/.cache/lsp/npm/typescript/lib/node_modules/typescript/lib/lib.es2015.reflect.d.ts","/home/huston/.emacs.d/.cache/lsp/npm/typescript/lib/node_modules/typescript/lib/lib.es2015.symbol.d.ts","/home/huston/.emacs.d/.cache/lsp/npm/typescript/lib/node_modules/typescript/lib/lib.es2015.symbol.wellknown.d.ts","/home/huston/.emacs.d/.cache/lsp/npm/typescript/lib/node_modules/typescript/lib/lib.es2016.array.include.d.ts","/home/huston/.emacs.d/.cache/lsp/npm/typescript/lib/node_modules/typescript/lib/lib.es2016.full.d.ts","/home/huston/programming/geek/django_rest/frontend/src/components/list_authors.js","/home/huston/programming/geek/django_rest/frontend/src/App.js"],"compilerOptions":{"module":1,"target":3,"jsx":1,"allowJs":true,"allowSyntheticDefaultImports":true,"allowNonTsExtensions":true,"noEmitForJsFiles":true,"maxNodeModuleJsDepth":2},"typeAcquisition":{"enable":true,"include":[],"exclude":[]},"unresolvedImports":[],"projectRootPath":"/home/huston/programming/geek/django_rest/frontend/src","kind":"discover"}
[12:12:24.877] Explicitly included types: []
[12:12:24.877] Inferred typings from unresolved imports: []
[12:12:24.877] Result: {"cachedTypingPaths":[],"newTypingNames":[],"filesToWatch":["/home/huston/programming/geek/django_rest/frontend/src/components/bower_components","/home/huston/programming/geek/django_rest/frontend/src/components/node_modules","/home/huston/programming/geek/django_rest/frontend/src/bower_components","/home/huston/programming/geek/django_rest/frontend/src/node_modules"]}
[12:12:24.877] Finished typings discovery: {"cachedTypingPaths":[],"newTypingNames":[],"filesToWatch":["/home/huston/programming/geek/django_rest/frontend/src/components/bower_components","/home/huston/programming/geek/django_rest/frontend/src/components/node_modules","/home/huston/programming/geek/django_rest/frontend/src/bower_components","/home/huston/programming/geek/django_rest/frontend/src/node_modules"]}
[12:12:24.878] Sending response:
    {"projectName":"/dev/null/inferredProject1*","typeAcquisition":{"enable":true,"include":[],"exclude":[]},"compilerOptions":{"module":1,"target":3,"jsx":1,"allowJs":true,"allowSyntheticDefaultImports":true,"allowNonTsExtensions":true,"noEmitForJsFiles":true,"maxNodeModuleJsDepth":2},"typings":[],"unresolvedImports":[],"kind":"action::set"}
[12:12:24.878] Response has been sent.
[12:12:24.878] No new typings were requested as a result of typings discovery
[12:14:37.243] Got install request {"projectName":"/dev/null/inferredProject1*","fileNames":["/home/huston/.emacs.d/.cache/lsp/npm/typescript/lib/node_modules/typescript/lib/lib.es5.d.ts","/home/huston/.emacs.d/.cache/lsp/npm/typescript/lib/node_modules/typescript/lib/lib.es2015.d.ts","/home/huston/.emacs.d/.cache/lsp/npm/typescript/lib/node_modules/typescript/lib/lib.es2016.d.ts","/home/huston/.emacs.d/.cache/lsp/npm/typescript/lib/node_modules/typescript/lib/lib.dom.d.ts","/home/huston/.emacs.d/.cache/lsp/npm/typescript/lib/node_modules/typescript/lib/lib.dom.iterable.d.ts","/home/huston/.emacs.d/.cache/lsp/npm/typescript/lib/node_modules/typescript/lib/lib.webworker.importscripts.d.ts","/home/huston/.emacs.d/.cache/lsp/npm/typescript/lib/node_modules/typescript/lib/lib.scripthost.d.ts","/home/huston/.emacs.d/.cache/lsp/npm/typescript/lib/node_modules/typescript/lib/lib.es2015.core.d.ts","/home/huston/.emacs.d/.cache/lsp/npm/typescript/lib/node_modules/typescript/lib/lib.es2015.collection.d.ts","/home/huston/.emacs.d/.cache/lsp/npm/typescript/lib/node_modules/typescript/lib/lib.es2015.generator.d.ts","/home/huston/.emacs.d/.cache/lsp/npm/typescript/lib/node_modules/typescript/lib/lib.es2015.iterable.d.ts","/home/huston/.emacs.d/.cache/lsp/npm/typescript/lib/node_modules/typescript/lib/lib.es2015.promise.d.ts","/home/huston/.emacs.d/.cache/lsp/npm/typescript/lib/node_modules/typescript/lib/lib.es2015.proxy.d.ts","/home/huston/.emacs.d/.cache/lsp/npm/typescript/lib/node_modules/typescript/lib/lib.es2015.reflect.d.ts","/home/huston/.emacs.d/.cache/lsp/npm/typescript/lib/node_modules/typescript/lib/lib.es2015.symbol.d.ts","/home/huston/.emacs.d/.cache/lsp/npm/typescript/lib/node_modules/typescript/lib/lib.es2015.symbol.wellknown.d.ts","/home/huston/.emacs.d/.cache/lsp/npm/typescript/lib/node_modules/typescript/lib/lib.es2016.array.include.d.ts","/home/huston/.emacs.d/.cache/lsp/npm/typescript/lib/node_modules/typescript/lib/lib.es2016.full.d.ts","/home/huston/programming/geek/django_rest/frontend/src/components/list_authors.js","/home/huston/programming/geek/django_rest/frontend/src/components/footer/footer.js","/home/huston/programming/geek/django_rest/frontend/src/App.js"],"compilerOptions":{"module":1,"target":3,"jsx":1,"allowJs":true,"allowSyntheticDefaultImports":true,"allowNonTsExtensions":true,"noEmitForJsFiles":true,"maxNodeModuleJsDepth":2},"typeAcquisition":{"enable":true,"include":[],"exclude":[]},"unresolvedImports":[],"projectRootPath":"/home/huston/programming/geek/django_rest/frontend/src","kind":"discover"}
[12:14:37.243] Explicitly included types: []
[12:14:37.244] Inferred typings from unresolved imports: []
[12:14:37.244] Result: {"cachedTypingPaths":[],"newTypingNames":[],"filesToWatch":["/home/huston/programming/geek/django_rest/frontend/src/components/bower_components","/home/huston/programming/geek/django_rest/frontend/src/components/node_modules","/home/huston/programming/geek/django_rest/frontend/src/components/footer/bower_components","/home/huston/programming/geek/django_rest/frontend/src/components/footer/node_modules","/home/huston/programming/geek/django_rest/frontend/src/bower_components","/home/huston/programming/geek/django_rest/frontend/src/node_modules"]}
[12:14:37.244] Finished typings discovery: {"cachedTypingPaths":[],"newTypingNames":[],"filesToWatch":["/home/huston/programming/geek/django_rest/frontend/src/components/bower_components","/home/huston/programming/geek/django_rest/frontend/src/components/node_modules","/home/huston/programming/geek/django_rest/frontend/src/components/footer/bower_components","/home/huston/programming/geek/django_rest/frontend/src/components/footer/node_modules","/home/huston/programming/geek/django_rest/frontend/src/bower_components","/home/huston/programming/geek/django_rest/frontend/src/node_modules"]}
[12:14:37.245] Sending response:
    {"projectName":"/dev/null/inferredProject1*","typeAcquisition":{"enable":true,"include":[],"exclude":[]},"compilerOptions":{"module":1,"target":3,"jsx":1,"allowJs":true,"allowSyntheticDefaultImports":true,"allowNonTsExtensions":true,"noEmitForJsFiles":true,"maxNodeModuleJsDepth":2},"typings":[],"unresolvedImports":[],"kind":"action::set"}
[12:14:37.245] Response has been sent.
[12:14:37.245] No new typings were requested as a result of typings discovery
[12:16:34.027] sysLog:: onTimerToUpdateChildWatches:: 1
[12:16:34.028] sysLog:: invokingWatchers:: Elapsed:: 0.433612999971956ms:: 0
[12:16:34.028] DirectoryWatcher:: Triggered with /home/huston/programming/geek/django_rest/frontend/src/components/.tern-port 0:: WatchInfo: /home/huston/programming/geek/django_rest/frontend/src/components 1 undefined Project: /dev/null/inferredProject1* watcher already invoked: false
[12:16:34.028] Elapsed:: 0.012323000002652407ms DirectoryWatcher:: Triggered with /home/huston/programming/geek/django_rest/frontend/src/components/.tern-port 0:: WatchInfo: /home/huston/programming/geek/django_rest/frontend/src/components 1 undefined Project: /dev/null/inferredProject1* watcher already invoked: false
[12:16:34.028] sysLog:: Elapsed:: 0.6909250002354383ms:: onTimerToUpdateChildWatches:: 0 undefined
[12:18:21.950] sysLog:: onTimerToUpdateChildWatches:: 1
[12:18:21.951] sysLog:: invokingWatchers:: Elapsed:: 0.6054130000993609ms:: 0
[12:18:21.951] DirectoryWatcher:: Triggered with /home/huston/programming/geek/django_rest/frontend/src/components :: WatchInfo: /home/huston/programming/geek/django_rest/frontend/src/components 1 undefined Project: /dev/null/inferredProject1* watcher already invoked: false
[12:18:21.951] Elapsed:: 0.013795999810099602ms DirectoryWatcher:: Triggered with /home/huston/programming/geek/django_rest/frontend/src/components :: WatchInfo: /home/huston/programming/geek/django_rest/frontend/src/components 1 undefined Project: /dev/null/inferredProject1* watcher already invoked: false
[12:18:21.951] sysLog:: Elapsed:: 0.910032999701798ms:: onTimerToUpdateChildWatches:: 0 undefined
[12:18:25.579] Got install request {"projectName":"/dev/null/inferredProject2*","fileNames":[],"compilerOptions":{"module":1,"target":3,"jsx":1,"allowJs":true,"allowSyntheticDefaultImports":true,"allowNonTsExtensions":true,"noEmitForJsFiles":true},"typeAcquisition":{"enable":true,"include":[],"exclude":[]},"unresolvedImports":[],"projectRootPath":"/home/huston/programming/geek/django_rest/frontend/src/components/footer","kind":"discover"}
[12:18:25.579] Explicitly included types: []
[12:18:25.579] Inferred typings from unresolved imports: []
[12:18:25.579] Result: {"cachedTypingPaths":[],"newTypingNames":[],"filesToWatch":["/home/huston/programming/geek/django_rest/frontend/src/components/footer/bower_components","/home/huston/programming/geek/django_rest/frontend/src/components/footer/node_modules"]}
[12:18:25.579] Finished typings discovery: {"cachedTypingPaths":[],"newTypingNames":[],"filesToWatch":["/home/huston/programming/geek/django_rest/frontend/src/components/footer/bower_components","/home/huston/programming/geek/django_rest/frontend/src/components/footer/node_modules"]}
[12:18:25.580] Sending response:
    {"projectName":"/dev/null/inferredProject2*","typeAcquisition":{"enable":true,"include":[],"exclude":[]},"compilerOptions":{"module":1,"target":3,"jsx":1,"allowJs":true,"allowSyntheticDefaultImports":true,"allowNonTsExtensions":true,"noEmitForJsFiles":true},"typings":[],"unresolvedImports":[],"kind":"action::set"}
[12:18:25.580] Response has been sent.
[12:18:25.580] No new typings were requested as a result of typings discovery
[12:18:34.206] sysLog:: onTimerToUpdateChildWatches:: 1
[12:18:34.206] sysLog:: invokingWatchers:: Elapsed:: 0.17712200013920665ms:: 0
[12:18:34.207] DirectoryWatcher:: Triggered with /home/huston/programming/geek/django_rest/frontend/src/components/header/header.js 0:: WatchInfo: /home/huston/programming/geek/django_rest/frontend/src/components 1 undefined Project: /dev/null/inferredProject1* watcher already invoked: false
[12:18:34.207] Elapsed:: 0.013615999836474657ms DirectoryWatcher:: Triggered with /home/huston/programming/geek/django_rest/frontend/src/components/header/header.js 0:: WatchInfo: /home/huston/programming/geek/django_rest/frontend/src/components 1 undefined Project: /dev/null/inferredProject1* watcher already invoked: false
[12:18:34.207] sysLog:: Elapsed:: 0.4250560002401471ms:: onTimerToUpdateChildWatches:: 0 undefined
[12:19:03.539] Got install request {"projectName":"/dev/null/inferredProject3*","fileNames":["/home/huston/.emacs.d/.cache/lsp/npm/typescript/lib/node_modules/typescript/lib/lib.es5.d.ts","/home/huston/.emacs.d/.cache/lsp/npm/typescript/lib/node_modules/typescript/lib/lib.es2015.d.ts","/home/huston/.emacs.d/.cache/lsp/npm/typescript/lib/node_modules/typescript/lib/lib.es2016.d.ts","/home/huston/.emacs.d/.cache/lsp/npm/typescript/lib/node_modules/typescript/lib/lib.dom.d.ts","/home/huston/.emacs.d/.cache/lsp/npm/typescript/lib/node_modules/typescript/lib/lib.dom.iterable.d.ts","/home/huston/.emacs.d/.cache/lsp/npm/typescript/lib/node_modules/typescript/lib/lib.webworker.importscripts.d.ts","/home/huston/.emacs.d/.cache/lsp/npm/typescript/lib/node_modules/typescript/lib/lib.scripthost.d.ts","/home/huston/.emacs.d/.cache/lsp/npm/typescript/lib/node_modules/typescript/lib/lib.es2015.core.d.ts","/home/huston/.emacs.d/.cache/lsp/npm/typescript/lib/node_modules/typescript/lib/lib.es2015.collection.d.ts","/home/huston/.emacs.d/.cache/lsp/npm/typescript/lib/node_modules/typescript/lib/lib.es2015.generator.d.ts","/home/huston/.emacs.d/.cache/lsp/npm/typescript/lib/node_modules/typescript/lib/lib.es2015.iterable.d.ts","/home/huston/.emacs.d/.cache/lsp/npm/typescript/lib/node_modules/typescript/lib/lib.es2015.promise.d.ts","/home/huston/.emacs.d/.cache/lsp/npm/typescript/lib/node_modules/typescript/lib/lib.es2015.proxy.d.ts","/home/huston/.emacs.d/.cache/lsp/npm/typescript/lib/node_modules/typescript/lib/lib.es2015.reflect.d.ts","/home/huston/.emacs.d/.cache/lsp/npm/typescript/lib/node_modules/typescript/lib/lib.es2015.symbol.d.ts","/home/huston/.emacs.d/.cache/lsp/npm/typescript/lib/node_modules/typescript/lib/lib.es2015.symbol.wellknown.d.ts","/home/huston/.emacs.d/.cache/lsp/npm/typescript/lib/node_modules/typescript/lib/lib.es2016.array.include.d.ts","/home/huston/.emacs.d/.cache/lsp/npm/typescript/lib/node_modules/typescript/lib/lib.es2016.full.d.ts","/home/huston/programming/geek/django_rest/frontend/src/components/header/header.js"],"compilerOptions":{"module":1,"target":3,"jsx":1,"allowJs":true,"allowSyntheticDefaultImports":true,"allowNonTsExtensions":true,"noEmitForJsFiles":true,"maxNodeModuleJsDepth":2},"typeAcquisition":{"enable":true,"include":[],"exclude":[]},"unresolvedImports":[],"projectRootPath":"/home/huston/programming/geek/django_rest/frontend/src/components/header","kind":"discover"}
[12:19:03.540] Explicitly included types: []
[12:19:03.540] Inferred typings from unresolved imports: []
[12:19:03.540] Result: {"cachedTypingPaths":[],"newTypingNames":[],"filesToWatch":["/home/huston/programming/geek/django_rest/frontend/src/components/header/bower_components","/home/huston/programming/geek/django_rest/frontend/src/components/header/node_modules"]}
[12:19:03.541] Finished typings discovery: {"cachedTypingPaths":[],"newTypingNames":[],"filesToWatch":["/home/huston/programming/geek/django_rest/frontend/src/components/header/bower_components","/home/huston/programming/geek/django_rest/frontend/src/components/header/node_modules"]}
[12:19:03.541] DirectoryWatcher:: Added:: WatchInfo: /home/huston/programming/geek/django_rest/frontend/src/components/header/bower_components
[12:19:03.541] DirectoryWatcher:: Added:: WatchInfo: /home/huston/programming/geek/django_rest/frontend/src/components/header/bower_components 1 undefined Project: /dev/null/inferredProject3* watcher already invoked: false
[12:19:03.541] Elapsed:: 0.2540750000625849ms DirectoryWatcher:: Added:: WatchInfo: /home/huston/programming/geek/django_rest/frontend/src/components/header/bower_components 1 undefined Project: /dev/null/inferredProject3* watcher already invoked: false
[12:19:03.541] DirectoryWatcher:: Added:: WatchInfo: /home/huston/programming/geek/django_rest/frontend/src/components/header/node_modules
[12:19:03.541] DirectoryWatcher:: Added:: WatchInfo: /home/huston/programming/geek/django_rest/frontend/src/components/header/node_modules 1 undefined Project: /dev/null/inferredProject3* watcher already invoked: false
[12:19:03.542] Elapsed:: 0.272148999851197ms DirectoryWatcher:: Added:: WatchInfo: /home/huston/programming/geek/django_rest/frontend/src/components/header/node_modules 1 undefined Project: /dev/null/inferredProject3* watcher already invoked: false
[12:19:03.542] Sending response:
    {"projectName":"/dev/null/inferredProject3*","typeAcquisition":{"enable":true,"include":[],"exclude":[]},"compilerOptions":{"module":1,"target":3,"jsx":1,"allowJs":true,"allowSyntheticDefaultImports":true,"allowNonTsExtensions":true,"noEmitForJsFiles":true,"maxNodeModuleJsDepth":2},"typings":[],"unresolvedImports":[],"kind":"action::set"}
[12:19:03.542] Response has been sent.
[12:19:03.542] No new typings were requested as a result of typings discovery
[12:19:04.797] sysLog:: onTimerToUpdateChildWatches:: 1
[12:19:04.798] sysLog:: invokingWatchers:: Elapsed:: 0.17975600017234683ms:: 0
[12:19:04.798] DirectoryWatcher:: Triggered with /home/huston/programming/geek/django_rest/frontend/src/components/header/.tern-port 0:: WatchInfo: /home/huston/programming/geek/django_rest/frontend/src/components 1 undefined Project: /dev/null/inferredProject1* watcher already invoked: false
[12:19:04.798] Elapsed:: 0.017432999797165394ms DirectoryWatcher:: Triggered with /home/huston/programming/geek/django_rest/frontend/src/components/header/.tern-port 0:: WatchInfo: /home/huston/programming/geek/django_rest/frontend/src/components 1 undefined Project: /dev/null/inferredProject1* watcher already invoked: false
[12:19:04.798] sysLog:: Elapsed:: 0.48039899999275804ms:: onTimerToUpdateChildWatches:: 0 undefined
[12:19:30.865] sysLog:: onTimerToUpdateChildWatches:: 1
[12:19:30.866] sysLog:: invokingWatchers:: Elapsed:: 0.16442799987271428ms:: 0
[12:19:30.866] DirectoryWatcher:: Triggered with /home/huston/programming/geek/django_rest/frontend/src/components/header/header.js 0:: WatchInfo: /home/huston/programming/geek/django_rest/frontend/src/components 1 undefined Project: /dev/null/inferredProject1* watcher already invoked: false
[12:19:30.866] Elapsed:: 0.013786000199615955ms DirectoryWatcher:: Triggered with /home/huston/programming/geek/django_rest/frontend/src/components/header/header.js 0:: WatchInfo: /home/huston/programming/geek/django_rest/frontend/src/components 1 undefined Project: /dev/null/inferredProject1* watcher already invoked: false
[12:19:30.866] DirectoryWatcher:: Triggered with /home/huston/programming/geek/django_rest/frontend/src/components/header/header.js~ 1:: WatchInfo: /home/huston/programming/geek/django_rest/frontend/src/components 1 undefined Project: /dev/null/inferredProject1* watcher already invoked: false
[12:19:30.866] Elapsed:: 0.007414000108838081ms DirectoryWatcher:: Triggered with /home/huston/programming/geek/django_rest/frontend/src/components/header/header.js~ 1:: WatchInfo: /home/huston/programming/geek/django_rest/frontend/src/components 1 undefined Project: /dev/null/inferredProject1* watcher already invoked: false
[12:19:30.866] DirectoryWatcher:: Triggered with /home/huston/programming/geek/django_rest/frontend/src/components/header/header.js 2:: WatchInfo: /home/huston/programming/geek/django_rest/frontend/src/components 1 undefined Project: /dev/null/inferredProject1* watcher already invoked: false
[12:19:30.866] Elapsed:: 0.006772999651730061ms DirectoryWatcher:: Triggered with /home/huston/programming/geek/django_rest/frontend/src/components/header/header.js 2:: WatchInfo: /home/huston/programming/geek/django_rest/frontend/src/components 1 undefined Project: /dev/null/inferredProject1* watcher already invoked: false
[12:19:30.866] sysLog:: Elapsed:: 0.6536830002442002ms:: onTimerToUpdateChildWatches:: 0 undefined
[12:19:51.536] Got install request {"projectName":"/dev/null/inferredProject1*","fileNames":["/home/huston/.emacs.d/.cache/lsp/npm/typescript/lib/node_modules/typescript/lib/lib.es5.d.ts","/home/huston/.emacs.d/.cache/lsp/npm/typescript/lib/node_modules/typescript/lib/lib.es2015.d.ts","/home/huston/.emacs.d/.cache/lsp/npm/typescript/lib/node_modules/typescript/lib/lib.es2016.d.ts","/home/huston/.emacs.d/.cache/lsp/npm/typescript/lib/node_modules/typescript/lib/lib.dom.d.ts","/home/huston/.emacs.d/.cache/lsp/npm/typescript/lib/node_modules/typescript/lib/lib.dom.iterable.d.ts","/home/huston/.emacs.d/.cache/lsp/npm/typescript/lib/node_modules/typescript/lib/lib.webworker.importscripts.d.ts","/home/huston/.emacs.d/.cache/lsp/npm/typescript/lib/node_modules/typescript/lib/lib.scripthost.d.ts","/home/huston/.emacs.d/.cache/lsp/npm/typescript/lib/node_modules/typescript/lib/lib.es2015.core.d.ts","/home/huston/.emacs.d/.cache/lsp/npm/typescript/lib/node_modules/typescript/lib/lib.es2015.collection.d.ts","/home/huston/.emacs.d/.cache/lsp/npm/typescript/lib/node_modules/typescript/lib/lib.es2015.generator.d.ts","/home/huston/.emacs.d/.cache/lsp/npm/typescript/lib/node_modules/typescript/lib/lib.es2015.iterable.d.ts","/home/huston/.emacs.d/.cache/lsp/npm/typescript/lib/node_modules/typescript/lib/lib.es2015.promise.d.ts","/home/huston/.emacs.d/.cache/lsp/npm/typescript/lib/node_modules/typescript/lib/lib.es2015.proxy.d.ts","/home/huston/.emacs.d/.cache/lsp/npm/typescript/lib/node_modules/typescript/lib/lib.es2015.reflect.d.ts","/home/huston/.emacs.d/.cache/lsp/npm/typescript/lib/node_modules/typescript/lib/lib.es2015.symbol.d.ts","/home/huston/.emacs.d/.cache/lsp/npm/typescript/lib/node_modules/typescript/lib/lib.es2015.symbol.wellknown.d.ts","/home/huston/.emacs.d/.cache/lsp/npm/typescript/lib/node_modules/typescript/lib/lib.es2016.array.include.d.ts","/home/huston/.emacs.d/.cache/lsp/npm/typescript/lib/node_modules/typescript/lib/lib.es2016.full.d.ts","/home/huston/programming/geek/django_rest/frontend/src/components/list_authors.js","/home/huston/programming/geek/django_rest/frontend/src/components/footer/footer.js","/home/huston/programming/geek/django_rest/frontend/src/components/header/header.js","/home/huston/programming/geek/django_rest/frontend/src/App.js"],"compilerOptions":{"module":1,"target":3,"jsx":1,"allowJs":true,"allowSyntheticDefaultImports":true,"allowNonTsExtensions":true,"noEmitForJsFiles":true,"maxNodeModuleJsDepth":2},"typeAcquisition":{"enable":true,"include":[],"exclude":[]},"unresolvedImports":[],"projectRootPath":"/home/huston/programming/geek/django_rest/frontend/src","kind":"discover"}
[12:19:51.538] Explicitly included types: []
[12:19:51.539] Inferred typings from unresolved imports: []
[12:19:51.539] Result: {"cachedTypingPaths":[],"newTypingNames":[],"filesToWatch":["/home/huston/programming/geek/django_rest/frontend/src/components/bower_components","/home/huston/programming/geek/django_rest/frontend/src/components/node_modules","/home/huston/programming/geek/django_rest/frontend/src/components/footer/bower_components","/home/huston/programming/geek/django_rest/frontend/src/components/footer/node_modules","/home/huston/programming/geek/django_rest/frontend/src/components/header/bower_components","/home/huston/programming/geek/django_rest/frontend/src/components/header/node_modules","/home/huston/programming/geek/django_rest/frontend/src/bower_components","/home/huston/programming/geek/django_rest/frontend/src/node_modules"]}
[12:19:51.539] Finished typings discovery: {"cachedTypingPaths":[],"newTypingNames":[],"filesToWatch":["/home/huston/programming/geek/django_rest/frontend/src/components/bower_components","/home/huston/programming/geek/django_rest/frontend/src/components/node_modules","/home/huston/programming/geek/django_rest/frontend/src/components/footer/bower_components","/home/huston/programming/geek/django_rest/frontend/src/components/footer/node_modules","/home/huston/programming/geek/django_rest/frontend/src/components/header/bower_components","/home/huston/programming/geek/django_rest/frontend/src/components/header/node_modules","/home/huston/programming/geek/django_rest/frontend/src/bower_components","/home/huston/programming/geek/django_rest/frontend/src/node_modules"]}
[12:19:51.539] Sending response:
    {"projectName":"/dev/null/inferredProject1*","typeAcquisition":{"enable":true,"include":[],"exclude":[]},"compilerOptions":{"module":1,"target":3,"jsx":1,"allowJs":true,"allowSyntheticDefaultImports":true,"allowNonTsExtensions":true,"noEmitForJsFiles":true,"maxNodeModuleJsDepth":2},"typings":[],"unresolvedImports":[],"kind":"action::set"}
[12:19:51.539] Response has been sent.
[12:19:51.539] No new typings were requested as a result of typings discovery
[12:19:55.563] Got install request {"projectName":"/dev/null/inferredProject1*","fileNames":["/home/huston/.emacs.d/.cache/lsp/npm/typescript/lib/node_modules/typescript/lib/lib.es5.d.ts","/home/huston/.emacs.d/.cache/lsp/npm/typescript/lib/node_modules/typescript/lib/lib.es2015.d.ts","/home/huston/.emacs.d/.cache/lsp/npm/typescript/lib/node_modules/typescript/lib/lib.es2016.d.ts","/home/huston/.emacs.d/.cache/lsp/npm/typescript/lib/node_modules/typescript/lib/lib.dom.d.ts","/home/huston/.emacs.d/.cache/lsp/npm/typescript/lib/node_modules/typescript/lib/lib.dom.iterable.d.ts","/home/huston/.emacs.d/.cache/lsp/npm/typescript/lib/node_modules/typescript/lib/lib.webworker.importscripts.d.ts","/home/huston/.emacs.d/.cache/lsp/npm/typescript/lib/node_modules/typescript/lib/lib.scripthost.d.ts","/home/huston/.emacs.d/.cache/lsp/npm/typescript/lib/node_modules/typescript/lib/lib.es2015.core.d.ts","/home/huston/.emacs.d/.cache/lsp/npm/typescript/lib/node_modules/typescript/lib/lib.es2015.collection.d.ts","/home/huston/.emacs.d/.cache/lsp/npm/typescript/lib/node_modules/typescript/lib/lib.es2015.generator.d.ts","/home/huston/.emacs.d/.cache/lsp/npm/typescript/lib/node_modules/typescript/lib/lib.es2015.iterable.d.ts","/home/huston/.emacs.d/.cache/lsp/npm/typescript/lib/node_modules/typescript/lib/lib.es2015.promise.d.ts","/home/huston/.emacs.d/.cache/lsp/npm/typescript/lib/node_modules/typescript/lib/lib.es2015.proxy.d.ts","/home/huston/.emacs.d/.cache/lsp/npm/typescript/lib/node_modules/typescript/lib/lib.es2015.reflect.d.ts","/home/huston/.emacs.d/.cache/lsp/npm/typescript/lib/node_modules/typescript/lib/lib.es2015.symbol.d.ts","/home/huston/.emacs.d/.cache/lsp/npm/typescript/lib/node_modules/typescript/lib/lib.es2015.symbol.wellknown.d.ts","/home/huston/.emacs.d/.cache/lsp/npm/typescript/lib/node_modules/typescript/lib/lib.es2016.array.include.d.ts","/home/huston/.emacs.d/.cache/lsp/npm/typescript/lib/node_modules/typescript/lib/lib.es2016.full.d.ts","/home/huston/programming/geek/django_rest/frontend/src/components/list_authors.js","/home/huston/programming/geek/django_rest/frontend/src/components/footer/footer.js","/home/huston/programming/geek/django_rest/frontend/src/App.js"],"compilerOptions":{"module":1,"target":3,"jsx":1,"allowJs":true,"allowSyntheticDefaultImports":true,"allowNonTsExtensions":true,"noEmitForJsFiles":true,"maxNodeModuleJsDepth":2},"typeAcquisition":{"enable":true,"include":[],"exclude":[]},"unresolvedImports":[],"projectRootPath":"/home/huston/programming/geek/django_rest/frontend/src","kind":"discover"}
[12:19:55.564] Explicitly included types: []
[12:19:55.565] Inferred typings from unresolved imports: []
[12:19:55.565] Result: {"cachedTypingPaths":[],"newTypingNames":[],"filesToWatch":["/home/huston/programming/geek/django_rest/frontend/src/components/bower_components","/home/huston/programming/geek/django_rest/frontend/src/components/node_modules","/home/huston/programming/geek/django_rest/frontend/src/components/footer/bower_components","/home/huston/programming/geek/django_rest/frontend/src/components/footer/node_modules","/home/huston/programming/geek/django_rest/frontend/src/bower_components","/home/huston/programming/geek/django_rest/frontend/src/node_modules"]}
[12:19:55.565] Finished typings discovery: {"cachedTypingPaths":[],"newTypingNames":[],"filesToWatch":["/home/huston/programming/geek/django_rest/frontend/src/components/bower_components","/home/huston/programming/geek/django_rest/frontend/src/components/node_modules","/home/huston/programming/geek/django_rest/frontend/src/components/footer/bower_components","/home/huston/programming/geek/django_rest/frontend/src/components/footer/node_modules","/home/huston/programming/geek/django_rest/frontend/src/bower_components","/home/huston/programming/geek/django_rest/frontend/src/node_modules"]}
[12:19:55.566] Sending response:
    {"projectName":"/dev/null/inferredProject1*","typeAcquisition":{"enable":true,"include":[],"exclude":[]},"compilerOptions":{"module":1,"target":3,"jsx":1,"allowJs":true,"allowSyntheticDefaultImports":true,"allowNonTsExtensions":true,"noEmitForJsFiles":true,"maxNodeModuleJsDepth":2},"typings":[],"unresolvedImports":[],"kind":"action::set"}
[12:19:55.566] Response has been sent.
[12:19:55.566] No new typings were requested as a result of typings discovery
[12:19:56.631] Got install request {"projectName":"/dev/null/inferredProject1*","fileNames":["/home/huston/.emacs.d/.cache/lsp/npm/typescript/lib/node_modules/typescript/lib/lib.es5.d.ts","/home/huston/.emacs.d/.cache/lsp/npm/typescript/lib/node_modules/typescript/lib/lib.es2015.d.ts","/home/huston/.emacs.d/.cache/lsp/npm/typescript/lib/node_modules/typescript/lib/lib.es2016.d.ts","/home/huston/.emacs.d/.cache/lsp/npm/typescript/lib/node_modules/typescript/lib/lib.dom.d.ts","/home/huston/.emacs.d/.cache/lsp/npm/typescript/lib/node_modules/typescript/lib/lib.dom.iterable.d.ts","/home/huston/.emacs.d/.cache/lsp/npm/typescript/lib/node_modules/typescript/lib/lib.webworker.importscripts.d.ts","/home/huston/.emacs.d/.cache/lsp/npm/typescript/lib/node_modules/typescript/lib/lib.scripthost.d.ts","/home/huston/.emacs.d/.cache/lsp/npm/typescript/lib/node_modules/typescript/lib/lib.es2015.core.d.ts","/home/huston/.emacs.d/.cache/lsp/npm/typescript/lib/node_modules/typescript/lib/lib.es2015.collection.d.ts","/home/huston/.emacs.d/.cache/lsp/npm/typescript/lib/node_modules/typescript/lib/lib.es2015.generator.d.ts","/home/huston/.emacs.d/.cache/lsp/npm/typescript/lib/node_modules/typescript/lib/lib.es2015.iterable.d.ts","/home/huston/.emacs.d/.cache/lsp/npm/typescript/lib/node_modules/typescript/lib/lib.es2015.promise.d.ts","/home/huston/.emacs.d/.cache/lsp/npm/typescript/lib/node_modules/typescript/lib/lib.es2015.proxy.d.ts","/home/huston/.emacs.d/.cache/lsp/npm/typescript/lib/node_modules/typescript/lib/lib.es2015.reflect.d.ts","/home/huston/.emacs.d/.cache/lsp/npm/typescript/lib/node_modules/typescript/lib/lib.es2015.symbol.d.ts","/home/huston/.emacs.d/.cache/lsp/npm/typescript/lib/node_modules/typescript/lib/lib.es2015.symbol.wellknown.d.ts","/home/huston/.emacs.d/.cache/lsp/npm/typescript/lib/node_modules/typescript/lib/lib.es2016.array.include.d.ts","/home/huston/.emacs.d/.cache/lsp/npm/typescript/lib/node_modules/typescript/lib/lib.es2016.full.d.ts","/home/huston/programming/geek/django_rest/frontend/src/components/list_authors.js","/home/huston/programming/geek/django_rest/frontend/src/components/footer/footer.js","/home/huston/programming/geek/django_rest/frontend/src/components/header/header.js","/home/huston/programming/geek/django_rest/frontend/src/App.js"],"compilerOptions":{"module":1,"target":3,"jsx":1,"allowJs":true,"allowSyntheticDefaultImports":true,"allowNonTsExtensions":true,"noEmitForJsFiles":true,"maxNodeModuleJsDepth":2},"typeAcquisition":{"enable":true,"include":[],"exclude":[]},"unresolvedImports":[],"projectRootPath":"/home/huston/programming/geek/django_rest/frontend/src","kind":"discover"}
[12:19:56.632] Explicitly included types: []
[12:19:56.632] Inferred typings from unresolved imports: []
[12:19:56.632] Result: {"cachedTypingPaths":[],"newTypingNames":[],"filesToWatch":["/home/huston/programming/geek/django_rest/frontend/src/components/bower_components","/home/huston/programming/geek/django_rest/frontend/src/components/node_modules","/home/huston/programming/geek/django_rest/frontend/src/components/footer/bower_components","/home/huston/programming/geek/django_rest/frontend/src/components/footer/node_modules","/home/huston/programming/geek/django_rest/frontend/src/components/header/bower_components","/home/huston/programming/geek/django_rest/frontend/src/components/header/node_modules","/home/huston/programming/geek/django_rest/frontend/src/bower_components","/home/huston/programming/geek/django_rest/frontend/src/node_modules"]}
[12:19:56.633] Finished typings discovery: {"cachedTypingPaths":[],"newTypingNames":[],"filesToWatch":["/home/huston/programming/geek/django_rest/frontend/src/components/bower_components","/home/huston/programming/geek/django_rest/frontend/src/components/node_modules","/home/huston/programming/geek/django_rest/frontend/src/components/footer/bower_components","/home/huston/programming/geek/django_rest/frontend/src/components/footer/node_modules","/home/huston/programming/geek/django_rest/frontend/src/components/header/bower_components","/home/huston/programming/geek/django_rest/frontend/src/components/header/node_modules","/home/huston/programming/geek/django_rest/frontend/src/bower_components","/home/huston/programming/geek/django_rest/frontend/src/node_modules"]}
[12:19:56.633] Sending response:
    {"projectName":"/dev/null/inferredProject1*","typeAcquisition":{"enable":true,"include":[],"exclude":[]},"compilerOptions":{"module":1,"target":3,"jsx":1,"allowJs":true,"allowSyntheticDefaultImports":true,"allowNonTsExtensions":true,"noEmitForJsFiles":true,"maxNodeModuleJsDepth":2},"typings":[],"unresolvedImports":[],"kind":"action::set"}
[12:19:56.633] Response has been sent.
[12:19:56.633] No new typings were requested as a result of typings discovery
[12:23:45.969] sysLog:: onTimerToUpdateChildWatches:: 1
[12:23:45.969] sysLog:: invokingWatchers:: Elapsed:: 0.1644470002502203ms:: 0
[12:23:45.969] DirectoryWatcher:: Triggered with /home/huston/programming/geek/django_rest/frontend/src/components/footer/.tern-port 0:: WatchInfo: /home/huston/programming/geek/django_rest/frontend/src/components 1 undefined Project: /dev/null/inferredProject1* watcher already invoked: false
[12:23:45.970] Elapsed:: 0.012804000172764063ms DirectoryWatcher:: Triggered with /home/huston/programming/geek/django_rest/frontend/src/components/footer/.tern-port 0:: WatchInfo: /home/huston/programming/geek/django_rest/frontend/src/components 1 undefined Project: /dev/null/inferredProject1* watcher already invoked: false
[12:23:45.970] sysLog:: Elapsed:: 0.42359000025317073ms:: onTimerToUpdateChildWatches:: 0 undefined
[12:24:27.241] sysLog:: onTimerToUpdateChildWatches:: 1
[12:24:27.241] sysLog:: invokingWatchers:: Elapsed:: 0.16715200012549758ms:: 0
[12:24:27.241] DirectoryWatcher:: Triggered with /home/huston/programming/geek/django_rest/frontend/src/components/header/.tern-port 0:: WatchInfo: /home/huston/programming/geek/django_rest/frontend/src/components 1 undefined Project: /dev/null/inferredProject1* watcher already invoked: false
[12:24:27.242] Elapsed:: 0.013536000158637762ms DirectoryWatcher:: Triggered with /home/huston/programming/geek/django_rest/frontend/src/components/header/.tern-port 0:: WatchInfo: /home/huston/programming/geek/django_rest/frontend/src/components 1 undefined Project: /dev/null/inferredProject1* watcher already invoked: false
[12:24:27.242] sysLog:: Elapsed:: 0.4204850001260638ms:: onTimerToUpdateChildWatches:: 0 undefined
[13:17:53.472] sysLog:: onTimerToUpdateChildWatches:: 1
[13:17:53.473] sysLog:: invokingWatchers:: Elapsed:: 0.289079999551177ms:: 0
[13:17:53.473] DirectoryWatcher:: Triggered with /home/huston/programming/geek/django_rest/frontend/src/components/header/.tern-port 0:: WatchInfo: /home/huston/programming/geek/django_rest/frontend/src/components 1 undefined Project: /dev/null/inferredProject1* watcher already invoked: false
[13:17:53.473] Elapsed:: 0.01744299940764904ms DirectoryWatcher:: Triggered with /home/huston/programming/geek/django_rest/frontend/src/components/header/.tern-port 0:: WatchInfo: /home/huston/programming/geek/django_rest/frontend/src/components 1 undefined Project: /dev/null/inferredProject1* watcher already invoked: false
[13:17:53.473] sysLog:: Elapsed:: 0.7239969996735454ms:: onTimerToUpdateChildWatches:: 0 undefined
[13:20:52.254] sysLog:: onTimerToUpdateChildWatches:: 1
[13:20:52.254] sysLog:: invokingWatchers:: Elapsed:: 0.2532200003042817ms:: 0
[13:20:52.254] DirectoryWatcher:: Triggered with /home/huston/programming/geek/django_rest/frontend/src/components/header/#header.js# 0:: WatchInfo: /home/huston/programming/geek/django_rest/frontend/src/components 1 undefined Project: /dev/null/inferredProject1* watcher already invoked: false
[13:20:52.254] Elapsed:: 0.01621999964118004ms DirectoryWatcher:: Triggered with /home/huston/programming/geek/django_rest/frontend/src/components/header/#header.js# 0:: WatchInfo: /home/huston/programming/geek/django_rest/frontend/src/components 1 undefined Project: /dev/null/inferredProject1* watcher already invoked: false
[13:20:52.255] sysLog:: Elapsed:: 0.5714729996398091ms:: onTimerToUpdateChildWatches:: 0 undefined
[13:21:00.310] sysLog:: onTimerToUpdateChildWatches:: 1
[13:21:00.311] sysLog:: invokingWatchers:: Elapsed:: 0.1824260000139475ms:: 0
[13:21:00.311] DirectoryWatcher:: Triggered with /home/huston/programming/geek/django_rest/frontend/src/components/header/#header.js# 0:: WatchInfo: /home/huston/programming/geek/django_rest/frontend/src/components 1 undefined Project: /dev/null/inferredProject1* watcher already invoked: false
[13:21:00.311] Elapsed:: 0.016770999878644943ms DirectoryWatcher:: Triggered with /home/huston/programming/geek/django_rest/frontend/src/components/header/#header.js# 0:: WatchInfo: /home/huston/programming/geek/django_rest/frontend/src/components 1 undefined Project: /dev/null/inferredProject1* watcher already invoked: false
[13:21:00.311] sysLog:: Elapsed:: 0.4968809997662902ms:: onTimerToUpdateChildWatches:: 0 undefined
